<?xml version="1.0" encoding="UTF-8"?>
<!-- Generated by org.testng.reporters.JUnitReportReporter -->
<testsuite skipped="0" hostname="DESKTOP-TA3D90D" name="testcasesReallyCRM.AddAccountTestRCRM" tests="1" failures="0" timestamp="2020-11-21T21:15:47 EST" time="3.602" errors="0">
  <testcase name="addaccountTestRCRM" time="3.602" classname="testcasesReallyCRM.AddAccountTestRCRM"/>
  <system-out/>
</testsuite> <!-- testcasesReallyCRM.AddAccountTestRCRM -->
