<?xml version="1.0" encoding="UTF-8"?>
<!-- Generated by org.testng.reporters.JUnitReportReporter -->
<testsuite skipped="2" hostname="DESKTOP-TA3D90D" name="testcases.DemoTest" tests="2" failures="0" timestamp="2020-11-18T16:02:38 EST" time="0.000" errors="0">
  <testcase name="addressTest" time="0.000" classname="testcases.DemoTest">
    <skipped/>
  </testcase> <!-- addressTest -->
  <system-out/>
  <testcase name="nameTest" time="0.000" classname="testcases.DemoTest">
    <skipped/>
  </testcase> <!-- nameTest -->
  <system-out/>
</testsuite> <!-- testcases.DemoTest -->
