<?xml version="1.0" encoding="UTF-8"?>
<!-- Generated by org.testng.reporters.JUnitReportReporter -->
<testsuite skipped="0" hostname="DESKTOP-TA3D90D" name="FlowLuCRMTestCases.AddOrganizationTestFlow" tests="1" failures="0" timestamp="2020-11-30T19:10:44 EST" time="2.918" errors="0">
  <testcase name="addorganizationTestFlow" time="2.918" classname="FlowLuCRMTestCases.AddOrganizationTestFlow"/>
  <system-out/>
</testsuite> <!-- FlowLuCRMTestCases.AddOrganizationTestFlow -->
