<?xml version="1.0" encoding="UTF-8"?>
<!-- Generated by org.testng.reporters.JUnitReportReporter -->
<testsuite skipped="0" hostname="DESKTOP-TA3D90D" name="FlowLuCRMTestCases.LoginTestFlow" tests="1" failures="0" timestamp="2020-12-21T15:28:21 EST" time="7.138" errors="0">
  <testcase name="logintestFlow" time="7.138" classname="FlowLuCRMTestCases.LoginTestFlow"/>
  <system-out/>
</testsuite> <!-- FlowLuCRMTestCases.LoginTestFlow -->
