<?xml version="1.0" encoding="UTF-8"?>
<!-- Generated by org.testng.reporters.JUnitReportReporter -->
<testsuite skipped="0" hostname="DESKTOP-TA3D90D" name="FlowLuCRMTestCases.AddOrganizationTestFlow" tests="1" failures="0" timestamp="2020-12-21T15:28:21 EST" time="5.463" errors="0">
  <testcase name="addorganizationTestFlow" time="5.463" classname="FlowLuCRMTestCases.AddOrganizationTestFlow"/>
  <system-out/>
</testsuite> <!-- FlowLuCRMTestCases.AddOrganizationTestFlow -->
