<?xml version="1.0" encoding="UTF-8"?>
<!-- Generated by org.testng.reporters.JUnitReportReporter -->
<testsuite skipped="0" hostname="DESKTOP-TA3D90D" name="testcases.LoginTest" tests="1" failures="0" timestamp="2020-11-19T20:13:04 EST" time="2.185" errors="0">
  <testcase name="loginTest" time="2.185" classname="testcases.LoginTest"/>
  <system-out/>
</testsuite> <!-- testcases.LoginTest -->
