<?xml version="1.0" encoding="UTF-8"?>
<!-- Generated by org.testng.reporters.JUnitReportReporter -->
<testsuite skipped="0" hostname="DESKTOP-TA3D90D" name="FlowLuCRMTestCases.LoginTestFlow" tests="1" failures="0" timestamp="2020-11-30T19:10:44 EST" time="7.437" errors="0">
  <testcase name="logintestFlow" time="7.437" classname="FlowLuCRMTestCases.LoginTestFlow"/>
  <system-out/>
</testsuite> <!-- FlowLuCRMTestCases.LoginTestFlow -->
