<?xml version="1.0" encoding="UTF-8"?>
<!-- Generated by org.testng.reporters.JUnitReportReporter -->
<testsuite skipped="0" hostname="DESKTOP-TA3D90D" name="FlowLuCRMTestCases.practice" tests="2" failures="0" timestamp="2020-12-23T18:04:26 EST" time="0.008" errors="0">
  <testcase name="test1" time="0.005" classname="FlowLuCRMTestCases.practice"/>
  <system-out/>
  <testcase name="test2" time="0.003" classname="FlowLuCRMTestCases.practice"/>
  <system-out/>
</testsuite> <!-- FlowLuCRMTestCases.practice -->
