<?xml version="1.0" encoding="UTF-8"?>
<!-- Generated by org.testng.reporters.JUnitReportReporter -->
<testsuite skipped="0" hostname="DESKTOP-TA3D90D" name="testcases.CreateAccountTest" tests="1" failures="0" timestamp="2020-11-19T20:13:04 EST" time="10.241" errors="0">
  <testcase name="createAccountTest" time="10.241" classname="testcases.CreateAccountTest"/>
  <system-out/>
</testsuite> <!-- testcases.CreateAccountTest -->
