<?xml version="1.0" encoding="UTF-8"?>
<!-- Generated by org.testng.reporters.JUnitReportReporter -->
<testsuite skipped="0" hostname="DESKTOP-TA3D90D" name="FlowLuCRMTestCases.AddOpportunityTestFlow" tests="1" failures="0" timestamp="2020-11-27T12:29:03 EST" time="4.554" errors="0">
  <testcase name="addopportunityTestFlow" time="4.554" classname="FlowLuCRMTestCases.AddOpportunityTestFlow"/>
  <system-out/>
</testsuite> <!-- FlowLuCRMTestCases.AddOpportunityTestFlow -->
