<?xml version="1.0" encoding="UTF-8"?>
<!-- Generated by org.testng.reporters.JUnitReportReporter -->
<testsuite skipped="0" hostname="DESKTOP-TA3D90D" name="FlowLuCRMTestCases.AddOpportunityTestFlow" tests="1" failures="0" timestamp="2020-11-30T19:10:44 EST" time="7.738" errors="0">
  <testcase name="addopportunityTestFlow" time="7.738" classname="FlowLuCRMTestCases.AddOpportunityTestFlow"/>
  <system-out/>
</testsuite> <!-- FlowLuCRMTestCases.AddOpportunityTestFlow -->
