<?xml version="1.0" encoding="UTF-8"?>
<!-- Generated by org.testng.reporters.JUnitReportReporter -->
<testsuite skipped="0" hostname="DESKTOP-TA3D90D" name="testcasesReallyCRM.LoginTestReallyCRM" tests="1" failures="0" timestamp="2020-11-22T15:02:51 EST" time="2.800" errors="0">
  <testcase name="loginTestReallyCRM" time="2.800" classname="testcasesReallyCRM.LoginTestReallyCRM"/>
  <system-out/>
</testsuite> <!-- testcasesReallyCRM.LoginTestReallyCRM -->
