<?xml version="1.0" encoding="UTF-8"?>
<!-- Generated by org.testng.reporters.JUnitReportReporter -->
<testsuite skipped="0" hostname="DESKTOP-TA3D90D" name="FlowLuCRMTestCases.AddNewContactTest" tests="1" failures="0" timestamp="2020-12-21T15:28:21 EST" time="1.660" errors="0">
  <testcase name="addNewContactTest" time="1.660" classname="FlowLuCRMTestCases.AddNewContactTest"/>
  <system-out/>
</testsuite> <!-- FlowLuCRMTestCases.AddNewContactTest -->
